<?xml version="1.0" encoding="UTF-8" ?>
<testsuite errors="1" failures="0" hostname="macs-mbp" name="calculator.TheCalcTest" skipped="0" tests="10" time="0.116" timestamp="2020-01-06T09:52:35">
  <properties>
    <property name="libs.jsp-compiler.javadoc" value="" />
    <property name="netbeans.autoupdate.country" value="GB" />
    <property name="nb.wait.for.caches" value="true" />
    <property name="javac.test.classpath" value=":build/classes:/Users/mac/NetBeansProjects/Calculator/lib/hamcrest-2/hamcrest-core-1.3.jar:/Users/mac/NetBeansProjects/Calculator/lib/junit_4-2/junit-4.12.jar" />
    <property name="libs.jsf20.maven-pom" value="" />
    <property name="javac.test.sourcepath" value="/Users/mac/NetBeansProjects/Calculator/build/empty" />
    <property name="libs.spring-webmvc4.0.src" value="" />
    <property name="ant.core.lib" value="/Applications/NetBeans/Apache NetBeans 11.2.app/Contents/Resources/NetBeans/netbeans/extide/ant/lib/ant.jar" />
    <property name="javadoc.windowtitle" value="" />
    <property name="libs.jsp-compilation.javadoc" value="" />
    <property name="user.dir" value="/Users/mac/NetBeansProjects/Calculator" />
    <property name="libs.javaee-api-7.0.src" value="" />
    <property name="java.vm.version" value="25.231-b11" />
    <property name="libs.eclipselinkmodelgen.src" value="" />
    <property name="jlink.additionalmodules" value="" />
    <property name="javadoc.notree" value="false" />
    <property name="netbeans.autoupdate.version" value="1.23" />
    <property name="libs.javaee-web-api-6.0.classpath" value="/Applications/NetBeans/Apache NetBeans 11.2.app/Contents/Resources/NetBeans/netbeans/enterprise/modules/ext/javaee-web-api-6.0.jar" />
    <property name="javac.profile.cmd.line.arg" value="" />
    <property name="jdk.home" value="/Library/Java/JavaVirtualMachines/jdk1.8.0_231.jdk/Contents/Home" />
    <property name="libs.javac-api.src" value="" />
    <property name="javadoc.noindex" value="false" />
    <property name="sun.os.patch.level" value="unknown" />
    <property name="do.archive+manifest.available" value="true" />
    <property name="java.vm.specification.name" value="Java Virtual Machine Specification" />
    <property name="nb.show.statistics.ui" value="usageStatisticsEnabled" />
    <property name="netbeans.autoupdate.variant" value="" />
    <property name="have.tests" value="true" />
    <property name="org.xml.sax.driver" value="com.sun.org.apache.xerces.internal.jaxp.SAXParserImpl$JAXPSAXParser" />
    <property name="libs.hamcrest.classpath" value="/Users/mac/NetBeansProjects/Calculator/lib/hamcrest-2/hamcrest-core-1.3.jar" />
    <property name="libs.javac-api.javadoc" value="" />
    <property name="os.name" value="Mac OS X" />
    <property name="jdk.gtk.version" value="2.2" />
    <property name="libs.javaee-endorsed-api-7.0.maven-pom" value="" />
    <property name="ap.proc.none.internal" value="" />
    <property name="ant.file.Calculator" value="/Users/mac/NetBeansProjects/Calculator/build.xml" />
    <property name="libs.restapi.javadoc" value="" />
    <property name="libs.JWSAntTasks.maven-pom" value="" />
    <property name="libs.jstl.classpath" value="/Applications/NetBeans/Apache NetBeans 11.2.app/Contents/Resources/NetBeans/netbeans/enterprise/modules/ext/jstl-impl.jar:/Applications/NetBeans/Apache NetBeans 11.2.app/Contents/Resources/NetBeans/netbeans/enterprise/modules/ext/jstl-api.jar" />
    <property name="libs.testng.src" value="" />
    <property name="libs.spring-webmvc3.0.src" value="" />
    <property name="libs.restapi.classpath" value="/Applications/NetBeans/Apache NetBeans 11.2.app/Contents/Resources/NetBeans/netbeans/enterprise/modules/ext/jaxrs-2.0/javax.ws.rs-api-2.0.jar" />
    <property name="java.vendor.url.bug" value="http://bugreport.sun.com/bugreport/" />
    <property name="libs.jaxb.maven-pom" value="" />
    <property name="os.arch" value="x86_64" />
    <property name="libs.eclipselink.src" value="" />
    <property name="user.name" value="mac" />
    <property name="libs.jsf12.javadoc" value="/Applications/NetBeans/Apache NetBeans 11.2.app/Contents/Resources/NetBeans/netbeans/enterprise/docs/javaee-doc-api.jar" />
    <property name="copylibs.rebase" value="true" />
    <property name="libs.spring-webmvc3.0.maven-pom" value="" />
    <property name="sun.java.command" value="org.apache.tools.ant.taskdefs.optional.junit.JUnitTestRunner calculator.TheCalcTest skipNonTests=false filtertrace=true haltOnError=false haltOnFailure=false showoutput=true outputtoformatters=true logfailedtests=true threadid=0 logtestlistenerevents=true formatter=org.apache.tools.ant.taskdefs.optional.junit.BriefJUnitResultFormatter formatter=org.apache.tools.ant.taskdefs.optional.junit.XMLJUnitResultFormatter,/Users/mac/NetBeansProjects/Calculator/build/test/results/TEST-calculator.TheCalcTest.xml crashfile=/Users/mac/NetBeansProjects/Calculator/build/junitvmwatcher7168112197892902094.properties propsfile=/Users/mac/NetBeansProjects/Calculator/build/junit4671763256574761493.properties" />
    <property name="build.classes.dir" value="build/classes" />
    <property name="build.sysclasspath" value="ignore" />
    <property name="manifest.encoding" value="UTF-8" />
    <property name="ap.supported.internal" value="true" />
    <property name="java.failonerror" value="true" />
    <property name="libs.javaee-api-8.0.maven-pom" value="" />
    <property name="run.modulepath" value="" />
    <property name="libs.javaee-endorsed-api-7.0.javadoc" value="/Applications/NetBeans/Apache NetBeans 11.2.app/Contents/Resources/NetBeans/netbeans/enterprise/docs/javaee-doc-api.jar" />
    <property name="libs.jaxws21.javadoc" value="/Applications/NetBeans/Apache NetBeans 11.2.app/Contents/Resources/NetBeans/netbeans/java/docs/jaxws-api-doc.zip" />
    <property name="libs.spring-webmvc4.0.javadoc" value="" />
    <property name="includes" value="**" />
    <property name="user.country" value="GB" />
    <property name="manifest.file" value="manifest.mf" />
    <property name="javadoc.encoding" value="UTF-8" />
    <property name="javac.classpath" value="" />
    <property name="libs.jsp-compilation-syscp.src" value="" />
    <property name="libs.spring-framework400.classpath" value="/Applications/NetBeans/Apache NetBeans 11.2.app/Contents/Resources/NetBeans/netbeans/ide/modules/org-apache-commons-logging.jar:/Applications/NetBeans/Apache NetBeans 11.2.app/Contents/Resources/NetBeans/netbeans/java/modules/ext/cglib-2.2.jar:/Applications/NetBeans/Apache NetBeans 11.2.app/Contents/Resources/NetBeans/netbeans/java/modules/ext/spring-4/spring-aop-4.0.1.RELEASE.jar:/Applications/NetBeans/Apache NetBeans 11.2.app/Contents/Resources/NetBeans/netbeans/java/modules/ext/spring-4/spring-aspects-4.0.1.RELEASE.jar:/Applications/NetBeans/Apache NetBeans 11.2.app/Contents/Resources/NetBeans/netbeans/java/modules/ext/spring-4/spring-beans-4.0.1.RELEASE.jar:/Applications/NetBeans/Apache NetBeans 11.2.app/Contents/Resources/NetBeans/netbeans/java/modules/ext/spring-4/spring-build-src-4.0.1.RELEASE.jar:/Applications/NetBeans/Apache NetBeans 11.2.app/Contents/Resources/NetBeans/netbeans/java/modules/ext/spring-4/spring-context-4.0.1.RELEASE.jar:/Applications/NetBeans/Apache NetBeans 11.2.app/Contents/Resources/NetBeans/netbeans/java/modules/ext/spring-4/spring-context-support-4.0.1.RELEASE.jar:/Applications/NetBeans/Apache NetBeans 11.2.app/Contents/Resources/NetBeans/netbeans/java/modules/ext/spring-4/spring-core-4.0.1.RELEASE.jar:/Applications/NetBeans/Apache NetBeans 11.2.app/Contents/Resources/NetBeans/netbeans/java/modules/ext/spring-4/spring-expression-4.0.1.RELEASE.jar:/Applications/NetBeans/Apache NetBeans 11.2.app/Contents/Resources/NetBeans/netbeans/java/modules/ext/spring-4/spring-framework-bom-4.0.1.RELEASE.jar:/Applications/NetBeans/Apache NetBeans 11.2.app/Contents/Resources/NetBeans/netbeans/java/modules/ext/spring-4/spring-instrument-4.0.1.RELEASE.jar:/Applications/NetBeans/Apache NetBeans 11.2.app/Contents/Resources/NetBeans/netbeans/java/modules/ext/spring-4/spring-instrument-tomcat-4.0.1.RELEASE.jar:/Applications/NetBeans/Apache NetBeans 11.2.app/Contents/Resources/NetBeans/netbeans/java/modules/ext/spring-4/spring-jdbc-4.0.1.RELEASE.jar:/Applications/NetBeans/Apache NetBeans 11.2.app/Contents/Resources/NetBeans/netbeans/java/modules/ext/spring-4/spring-jms-4.0.1.RELEASE.jar:/Applications/NetBeans/Apache NetBeans 11.2.app/Contents/Resources/NetBeans/netbeans/java/modules/ext/spring-4/spring-messaging-4.0.1.RELEASE.jar:/Applications/NetBeans/Apache NetBeans 11.2.app/Contents/Resources/NetBeans/netbeans/java/modules/ext/spring-4/spring-orm-4.0.1.RELEASE.jar:/Applications/NetBeans/Apache NetBeans 11.2.app/Contents/Resources/NetBeans/netbeans/java/modules/ext/spring-4/spring-oxm-4.0.1.RELEASE.jar:/Applications/NetBeans/Apache NetBeans 11.2.app/Contents/Resources/NetBeans/netbeans/java/modules/ext/spring-4/spring-test-4.0.1.RELEASE.jar:/Applications/NetBeans/Apache NetBeans 11.2.app/Contents/Resources/NetBeans/netbeans/java/modules/ext/spring-4/spring-tx-4.0.1.RELEASE.jar:/Applications/NetBeans/Apache NetBeans 11.2.app/Contents/Resources/NetBeans/netbeans/java/modules/ext/spring-4/spring-web-4.0.1.RELEASE.jar:/Applications/NetBeans/Apache NetBeans 11.2.app/Contents/Resources/NetBeans/netbeans/java/modules/ext/spring-4/spring-webmvc-4.0.1.RELEASE.jar:/Applications/NetBeans/Apache NetBeans 11.2.app/Contents/Resources/NetBeans/netbeans/java/modules/ext/spring-4/spring-webmvc-portlet-4.0.1.RELEASE.jar:/Applications/NetBeans/Apache NetBeans 11.2.app/Contents/Resources/NetBeans/netbeans/java/modules/ext/spring-4/spring-websocket-4.0.1.RELEASE.jar" />
    <property name="debug-transport" value="dt_socket" />
    <property name="netbeans.home" value="/Applications/NetBeans/Apache NetBeans 11.2.app/Contents/Resources/NetBeans/netbeans/platform" />
    <property name="build.compiler.emacs" value="true" />
    <property name="libs.javaee-web-api-6.0.src" value="" />
    <property name="libs.jsp-compilation-syscp.classpath" value="/Applications/NetBeans/Apache NetBeans 11.2.app/Contents/Resources/NetBeans/netbeans/extide/ant/lib/ant.jar:/Applications/NetBeans/Apache NetBeans 11.2.app/Contents/Resources/NetBeans/netbeans/enterprise/modules/ext/servlet3.1-jsp2.3-api.jar:/Applications/NetBeans/Apache NetBeans 11.2.app/Contents/Resources/NetBeans/netbeans/enterprise/modules/ext/glassfish-jspparser-4.0.jar:/Applications/NetBeans/Apache NetBeans 11.2.app/Contents/Resources/NetBeans/netbeans/enterprise/modules/ext/jstl-impl.jar:/Applications/NetBeans/Apache NetBeans 11.2.app/Contents/Resources/NetBeans/netbeans/enterprise/modules/ext/jsf-2_2/javax.faces.jar" />
    <property name="javac.modulepath" value="" />
    <property name="java.endorsed.dirs" value="/Library/Java/JavaVirtualMachines/jdk1.8.0_231.jdk/Contents/Home/jre/lib/endorsed" />
    <property name="libs.groovy-all.src" value="" />
    <property name="libs.junit_5.src" value="/Applications/NetBeans/Apache NetBeans 11.2.app/Contents/Resources/NetBeans/netbeans/platform/docs/junit-jupiter-api-5.3.1-sources.jar:/Applications/NetBeans/Apache NetBeans 11.2.app/Contents/Resources/NetBeans/netbeans/platform/docs/junit-jupiter-params-5.3.1-sources.jar:/Applications/NetBeans/Apache NetBeans 11.2.app/Contents/Resources/NetBeans/netbeans/platform/docs/junit-jupiter-engine-5.3.1-sources.jar" />
    <property name="netbeans.dynamic.classpath" value="/Applications/NetBeans/Apache NetBeans 11.2.app/Contents/Resources/NetBeans/netbeans/platform/core/org-netbeans-libs-asm.jar:/Applications/NetBeans/Apache NetBeans 11.2.app/Contents/Resources/NetBeans/netbeans/platform/core/org-openide-filesystems-compat8.jar:/Applications/NetBeans/Apache NetBeans 11.2.app/Contents/Resources/NetBeans/netbeans/platform/core/asm-all-5.0.1.jar:/Applications/NetBeans/Apache NetBeans 11.2.app/Contents/Resources/NetBeans/netbeans/platform/core/org-openide-filesystems.jar:/Applications/NetBeans/Apache NetBeans 11.2.app/Contents/Resources/NetBeans/netbeans/platform/core/core.jar:/Applications/NetBeans/Apache NetBeans 11.2.app/Contents/Resources/NetBeans/netbeans/platform/core/core-base.jar:/Applications/NetBeans/Apache NetBeans 11.2.app/Contents/Resources/NetBeans/netbeans/nb/core/org-netbeans-upgrader.jar:/Applications/NetBeans/Apache NetBeans 11.2.app/Contents/Resources/NetBeans/netbeans/nb/core/locale/core_nb.jar" />
    <property name="libs.maven-dependencies.classpath" value="/Applications/NetBeans/Apache NetBeans 11.2.app/Contents/Resources/NetBeans/netbeans/enterprise/modules/ext/javaee6-endorsed/javax.annotation.jar:/Applications/NetBeans/Apache NetBeans 11.2.app/Contents/Resources/NetBeans/netbeans/enterprise/modules/ext/javaee6-endorsed/jaxb-api-osgi.jar:/Applications/NetBeans/Apache NetBeans 11.2.app/Contents/Resources/NetBeans/netbeans/enterprise/modules/ext/javaee6-endorsed/webservices-api-osgi.jar" />
    <property name="java.vm.specification.version" value="1.8" />
    <property name="plugin.manager.check.updates" value="false" />
    <property name="libs.primefaces.classpath" value="/Applications/NetBeans/Apache NetBeans 11.2.app/Contents/Resources/NetBeans/netbeans/enterprise/modules/ext/primefaces/primefaces-5.0.jar" />
    <property name="libs.javaee-api-6.0.classpath" value="/Applications/NetBeans/Apache NetBeans 11.2.app/Contents/Resources/NetBeans/netbeans/enterprise/modules/ext/javaee-api-6.0.jar" />
    <property name="libs.groovy-all.maven-pom" value="" />
    <property name="ftp.nonProxyHosts" value="local|*.local|169.254/16|*.169.254/16" />
    <property name="netbeans.productversion" value="Apache NetBeans IDE 11.2" />
    <property name="libs.jaxws21.src" value="" />
    <property name="do.archive" value="true" />
    <property name="netbeans.autoupdate.language" value="en" />
    <property name="java.vendor" value="Oracle Corporation" />
    <property name="libs.javaee-api-6.0.javadoc" value="/Applications/NetBeans/Apache NetBeans 11.2.app/Contents/Resources/NetBeans/netbeans/enterprise/docs/javaee-doc-api.jar" />
    <property name="sun.font.fontmanager" value="sun.font.CFontManager" />
    <property name="jar.index.metainf" value="false" />
    <property name="javac.debug" value="true" />
    <property name="javadoc.splitindex" value="true" />
    <property name="file.separator" value="/" />
    <property name="libs.junit_4.maven-pom" value="" />
    <property name="mkdist.disabled" value="false" />
    <property name="javac.test.processorpath" value=":build/classes:/Users/mac/NetBeansProjects/Calculator/lib/hamcrest-2/hamcrest-core-1.3.jar:/Users/mac/NetBeansProjects/Calculator/lib/junit_4-2/junit-4.12.jar" />
    <property name="netbeans.buildnumber" value="11.2-d04fb24027334c4b6fd8397b5d0cdd33187a8f54" />
    <property name="libs.JWSAntTasks.javadoc" value="" />
    <property name="build.generated.sources.dir" value="build/generated-sources" />
    <property name="libs.eclipselinkmodelgen.classpath" value="/Applications/NetBeans/Apache NetBeans 11.2.app/Contents/Resources/NetBeans/netbeans/java/modules/ext/eclipselink/org.eclipse.persistence.jpa.modelgen.processor-2.5.2.jar" />
    <property name="libs.javaee-endorsed-api-7.0.src" value="" />
    <property name="sun.java.launcher" value="SUN_STANDARD" />
    <property name="libs.jaxb.javadoc" value="/Applications/NetBeans/Apache NetBeans 11.2.app/Contents/Resources/NetBeans/netbeans/ide/docs/jaxb-api-2.2.5-javadoc.jar" />
    <property name="libs.struts.classpath" value="/Applications/NetBeans/Apache NetBeans 11.2.app/Contents/Resources/NetBeans/netbeans/enterprise/modules/ext/struts/antlr-2.7.2.jar:/Applications/NetBeans/Apache NetBeans 11.2.app/Contents/Resources/NetBeans/netbeans/enterprise/modules/ext/struts/bsf-2.3.0.jar:/Applications/NetBeans/Apache NetBeans 11.2.app/Contents/Resources/NetBeans/netbeans/enterprise/modules/ext/struts/commons-beanutils-1.8.0.jar:/Applications/NetBeans/Apache NetBeans 11.2.app/Contents/Resources/NetBeans/netbeans/enterprise/modules/ext/struts/commons-chain-1.2.jar:/Applications/NetBeans/Apache NetBeans 11.2.app/Contents/Resources/NetBeans/netbeans/enterprise/modules/ext/struts/commons-digester-1.8.jar:/Applications/NetBeans/Apache NetBeans 11.2.app/Contents/Resources/NetBeans/netbeans/enterprise/modules/ext/struts/commons-fileupload-1.1.1.jar:/Applications/NetBeans/Apache NetBeans 11.2.app/Contents/Resources/NetBeans/netbeans/enterprise/modules/ext/struts/commons-io-1.1.jar:/Applications/NetBeans/Apache NetBeans 11.2.app/Contents/Resources/NetBeans/netbeans/enterprise/modules/ext/struts/commons-logging-1.0.4.jar:/Applications/NetBeans/Apache NetBeans 11.2.app/Contents/Resources/NetBeans/netbeans/enterprise/modules/ext/struts/commons-validator-1.3.1.jar:/Applications/NetBeans/Apache NetBeans 11.2.app/Contents/Resources/NetBeans/netbeans/enterprise/modules/ext/struts/jstl-1.0.2.jar:/Applications/NetBeans/Apache NetBeans 11.2.app/Contents/Resources/NetBeans/netbeans/enterprise/modules/ext/struts/oro-2.0.8.jar:/Applications/NetBeans/Apache NetBeans 11.2.app/Contents/Resources/NetBeans/netbeans/enterprise/modules/ext/struts/standard-1.0.6.jar:/Applications/NetBeans/Apache NetBeans 11.2.app/Contents/Resources/NetBeans/netbeans/enterprise/modules/ext/struts/struts-core-1.3.10.jar:/Applications/NetBeans/Apache NetBeans 11.2.app/Contents/Resources/NetBeans/netbeans/enterprise/modules/ext/struts/struts-el-1.3.10.jar:/Applications/NetBeans/Apache NetBeans 11.2.app/Contents/Resources/NetBeans/netbeans/enterprise/modules/ext/struts/struts-extras-1.3.10.jar:/Applications/NetBeans/Apache NetBeans 11.2.app/Contents/Resources/NetBeans/netbeans/enterprise/modules/ext/struts/struts-faces-1.3.10.jar:/Applications/NetBeans/Apache NetBeans 11.2.app/Contents/Resources/NetBeans/netbeans/enterprise/modules/ext/struts/struts-mailreader-dao-1.3.10.jar:/Applications/NetBeans/Apache NetBeans 11.2.app/Contents/Resources/NetBeans/netbeans/enterprise/modules/ext/struts/struts-scripting-1.3.10.jar:/Applications/NetBeans/Apache NetBeans 11.2.app/Contents/Resources/NetBeans/netbeans/enterprise/modules/ext/struts/struts-taglib-1.3.10.jar:/Applications/NetBeans/Apache NetBeans 11.2.app/Contents/Resources/NetBeans/netbeans/enterprise/modules/ext/struts/struts-tiles-1.3.10.jar" />
    <property name="ant.home" value="/Applications/NetBeans/Apache NetBeans 11.2.app/Contents/Resources/NetBeans/netbeans/extide/ant" />
    <property name="libs.junit_4.src" value="/Users/mac/NetBeansProjects/Calculator/lib/junit_4-2/junit-4.12-sources.jar" />
    <property name="libs.testng.classpath" value="/Applications/NetBeans/Apache NetBeans 11.2.app/Contents/Resources/NetBeans/netbeans/platform/modules/ext/testng-6.8.1-dist.jar" />
    <property name="libs.absolutelayout.maven-pom" value="" />
    <property name="ant.java.version" value="1.8" />
    <property name="java.library.path" value="/Users/mac/Library/Java/Extensions:/Library/Java/Extensions:/Network/Library/Java/Extensions:/System/Library/Java/Extensions:/usr/lib/java:." />
    <property name="javadoc.author" value="false" />
    <property name="libs.metro.maven-pom" value="" />
    <property name="java.util.logging.config.class" value="org.netbeans.core.startup.TopLogging" />
    <property name="libs.spring-framework400.src" value="" />
    <property name="libs.PostgreSQLDriver.src" value="" />
    <property name="sun.arch.data.model" value="64" />
    <property name="basedir" value="/Users/mac/NetBeansProjects/Calculator" />
    <property name="libs.jpa20-persistence.maven-pom" value="" />
    <property name="jar.compress" value="false" />
    <property name="libs.javaee-web-api-7.0.classpath" value="/Applications/NetBeans/Apache NetBeans 11.2.app/Contents/Resources/NetBeans/netbeans/enterprise/modules/ext/javaee-web-api-7.0.jar" />
    <property name="path.separator" value=":" />
    <property name="libs.javaee-web-api-6.0.javadoc" value="/Applications/NetBeans/Apache NetBeans 11.2.app/Contents/Resources/NetBeans/netbeans/enterprise/docs/javaee-doc-api.jar" />
    <property name="ant.junit.enabletestlistenerevents" value="true" />
    <property name="libs.junit_4.prop-maven-dependencies" value="junit:junit:4.12:jar" />
    <property name="sun.io.unicode.encoding" value="UnicodeBig" />
    <property name="libs.jaxws21.classpath" value="/Applications/NetBeans/Apache NetBeans 11.2.app/Contents/Resources/NetBeans/netbeans/java/modules/ext/jaxws22/FastInfoset.jar:/Applications/NetBeans/Apache NetBeans 11.2.app/Contents/Resources/NetBeans/netbeans/java/modules/ext/jaxws22/gmbal-api-only.jar:/Applications/NetBeans/Apache NetBeans 11.2.app/Contents/Resources/NetBeans/netbeans/java/modules/ext/jaxws22/ha-api.jar:/Applications/NetBeans/Apache NetBeans 11.2.app/Contents/Resources/NetBeans/netbeans/java/modules/ext/jaxws22/javax.mail_1.4.jar:/Applications/NetBeans/Apache NetBeans 11.2.app/Contents/Resources/NetBeans/netbeans/java/modules/ext/jaxws22/jaxws-rt.jar:/Applications/NetBeans/Apache NetBeans 11.2.app/Contents/Resources/NetBeans/netbeans/java/modules/ext/jaxws22/jaxws-tools.jar:/Applications/NetBeans/Apache NetBeans 11.2.app/Contents/Resources/NetBeans/netbeans/java/modules/ext/jaxws22/management-api.jar:/Applications/NetBeans/Apache NetBeans 11.2.app/Contents/Resources/NetBeans/netbeans/java/modules/ext/jaxws22/mimepull.jar:/Applications/NetBeans/Apache NetBeans 11.2.app/Contents/Resources/NetBeans/netbeans/java/modules/ext/jaxws22/policy.jar:/Applications/NetBeans/Apache NetBeans 11.2.app/Contents/Resources/NetBeans/netbeans/java/modules/ext/jaxws22/saaj-impl.jar:/Applications/NetBeans/Apache NetBeans 11.2.app/Contents/Resources/NetBeans/netbeans/java/modules/ext/jaxws22/stax-ex.jar:/Applications/NetBeans/Apache NetBeans 11.2.app/Contents/Resources/NetBeans/netbeans/java/modules/ext/jaxws22/stax2-api.jar:/Applications/NetBeans/Apache NetBeans 11.2.app/Contents/Resources/NetBeans/netbeans/java/modules/ext/jaxws22/streambuffer.jar:/Applications/NetBeans/Apache NetBeans 11.2.app/Contents/Resources/NetBeans/netbeans/java/modules/ext/jaxws22/woodstox-core-asl.jar:/Applications/NetBeans/Apache NetBeans 11.2.app/Contents/Resources/NetBeans/netbeans/java/modules/ext/jaxws22/api/jaxws-api.jar:/Applications/NetBeans/Apache NetBeans 11.2.app/Contents/Resources/NetBeans/netbeans/java/modules/ext/jaxws22/api/jsr181-api.jar:/Applications/NetBeans/Apache NetBeans 11.2.app/Contents/Resources/NetBeans/netbeans/java/modules/ext/jaxws22/api/javax.annotation.jar:/Applications/NetBeans/Apache NetBeans 11.2.app/Contents/Resources/NetBeans/netbeans/java/modules/ext/jaxws22/api/saaj-api.jar:/Applications/NetBeans/Apache NetBeans 11.2.app/Contents/Resources/NetBeans/netbeans/ide/modules/ext/jaxb/activation.jar:/Applications/NetBeans/Apache NetBeans 11.2.app/Contents/Resources/NetBeans/netbeans/ide/modules/ext/jaxb/api/jaxb-api.jar" />
    <property name="dist.jlink.output" value="dist/jlink/Calculator" />
    <property name="libs.struts.src" value="" />
    <property name="compile.on.save" value="true" />
    <property name="apple.awt.graphics.UseQuartz" value="true" />
    <property name="user.language" value="en" />
    <property name="libs.hamcrest.displayName" value="Hamcrest 1.3" />
    <property name="testng.mode" value="testng" />
    <property name="libs.JAXB-ENDORSED.maven-pom" value="" />
    <property name="libs.eclipselink.maven-pom" value="" />
    <property name="org.netbeans.io.suspend" value="0" />
    <property name="test.binaryincludes" value="&lt;nothing&gt;" />
    <property name="manifest.available" value="true" />
    <property name="libs.primefaces.javadoc" value="" />
    <property name="libs.spring-framework300.maven-pom" value="" />
    <property name="run.test.classpath" value=":build/classes:/Users/mac/NetBeansProjects/Calculator/lib/hamcrest-2/hamcrest-core-1.3.jar:/Users/mac/NetBeansProjects/Calculator/lib/junit_4-2/junit-4.12.jar:build/test/classes" />
    <property name="ant.project.invoked-targets" value="test" />
    <property name="test.binaryexcludes" value="" />
    <property name="sun.java2d.dpiaware" value="true" />
    <property name="gopherProxySet" value="false" />
    <property name="https.nonProxyHosts" value="localhost|127.0.0.1|macs-mbp" />
    <property name="libs.PostgreSQLDriver.maven-pom" value="" />
    <property name="java.class.version" value="52.0" />
    <property name="ant.file.type.Calculator" value="file" />
    <property name="libs.eclipselink.javadoc" value="" />
    <property name="libs.jsp-compilation.maven-pom" value="" />
    <property name="user.properties.file" value="/Users/mac/Library/Application Support/NetBeans/11.2/build.properties" />
    <property name="runtime.encoding" value="UTF-8" />
    <property name="libs.javac-api.maven-pom" value="" />
    <property name="file.encoding.pkg" value="sun.io" />
    <property name="sun.cpu.endian" value="little" />
    <property name="libs.JAXB-ENDORSED.javadoc" value="" />
    <property name="libs.JWSAntTasks.classpath" value="/Applications/NetBeans/Apache NetBeans 11.2.app/Contents/Resources/NetBeans/netbeans/java/ant/extra/org-netbeans-modules-javawebstart-anttasks.jar" />
    <property name="libs.spring-webmvc4.0.maven-pom" value="" />
    <property name="libs.spring-framework300.src" value="" />
    <property name="libs.jstl.src" value="" />
    <property name="empty.dir" value="/Users/mac/NetBeansProjects/Calculator/build/empty" />
    <property name="test.binarytestincludes" value="" />
    <property name="javadoc.preview" value="true" />
    <property name="socksNonProxyHosts" value="local|*.local|169.254/16|*.169.254/16" />
    <property name="libs.jpa20-persistence.javadoc" value="" />
    <property name="java.home" value="/Library/Java/JavaVirtualMachines/jdk1.8.0_231.jdk/Contents/Home/jre" />
    <property name="libs.jsp-compilation.src" value="" />
    <property name="debug.test.classpath" value=":build/classes:/Users/mac/NetBeansProjects/Calculator/lib/hamcrest-2/hamcrest-core-1.3.jar:/Users/mac/NetBeansProjects/Calculator/lib/junit_4-2/junit-4.12.jar:build/test/classes" />
    <property name="libs.javaee-api-6.0.src" value="" />
    <property name="netbeans.importclass" value="org.netbeans.upgrade.AutoUpgrade" />
    <property name="ant.project.default-target" value="default" />
    <property name="annotation.processing.run.all.processors" value="true" />
    <property name="libs.PostgreSQLDriver.javadoc" value="" />
    <property name="libs.restlib.classpath" value="/Applications/NetBeans/Apache NetBeans 11.2.app/Contents/Resources/NetBeans/netbeans/enterprise/modules/ext/jersey2/ext/asm-all-repackaged-2.2.0-b21.jar:/Applications/NetBeans/Apache NetBeans 11.2.app/Contents/Resources/NetBeans/netbeans/enterprise/modules/ext/jersey2/ext/cglib-2.2.0-b21.jar:/Applications/NetBeans/Apache NetBeans 11.2.app/Contents/Resources/NetBeans/netbeans/enterprise/modules/ext/jersey2/ext/guava-14.0.1.jar:/Applications/NetBeans/Apache NetBeans 11.2.app/Contents/Resources/NetBeans/netbeans/enterprise/modules/ext/jersey2/ext/hk2-api-2.2.0-b21.jar:/Applications/NetBeans/Apache NetBeans 11.2.app/Contents/Resources/NetBeans/netbeans/enterprise/modules/ext/jersey2/ext/hk2-locator-2.2.0-b21.jar:/Applications/NetBeans/Apache NetBeans 11.2.app/Contents/Resources/NetBeans/netbeans/enterprise/modules/ext/jersey2/ext/hk2-utils-2.2.0-b21.jar:/Applications/NetBeans/Apache NetBeans 11.2.app/Contents/Resources/NetBeans/netbeans/enterprise/modules/ext/jersey2/ext/javax.annotation-api-1.2.jar:/Applications/NetBeans/Apache NetBeans 11.2.app/Contents/Resources/NetBeans/netbeans/enterprise/modules/ext/jersey2/ext/javax.inject-2.2.0-b21.jar:/Applications/NetBeans/Apache NetBeans 11.2.app/Contents/Resources/NetBeans/netbeans/enterprise/modules/ext/jersey2/ext/javax.servlet-api-3.0.1.jar:/Applications/NetBeans/Apache NetBeans 11.2.app/Contents/Resources/NetBeans/netbeans/enterprise/modules/ext/jersey2/ext/jaxb-api-2.2.7.jar:/Applications/NetBeans/Apache NetBeans 11.2.app/Contents/Resources/NetBeans/netbeans/enterprise/modules/ext/jersey2/ext/jersey-entity-filtering-2.5.1.jar:/Applications/NetBeans/Apache NetBeans 11.2.app/Contents/Resources/NetBeans/netbeans/enterprise/modules/ext/jersey2/ext/jersey-media-moxy-2.5.1.jar:/Applications/NetBeans/Apache NetBeans 11.2.app/Contents/Resources/NetBeans/netbeans/enterprise/modules/ext/jersey2/ext/org.osgi.core-4.2.0.jar:/Applications/NetBeans/Apache NetBeans 11.2.app/Contents/Resources/NetBeans/netbeans/enterprise/modules/ext/jersey2/ext/osgi-resource-locator-1.0.1.jar:/Applications/NetBeans/Apache NetBeans 11.2.app/Contents/Resources/NetBeans/netbeans/enterprise/modules/ext/jersey2/ext/persistence-api-1.0.jar:/Applications/NetBeans/Apache NetBeans 11.2.app/Contents/Resources/NetBeans/netbeans/enterprise/modules/ext/jersey2/ext/validation-api-1.1.0.Final.jar:/Applications/NetBeans/Apache NetBeans 11.2.app/Contents/Resources/NetBeans/netbeans/enterprise/modules/ext/jersey2/jersey-client.jar:/Applications/NetBeans/Apache NetBeans 11.2.app/Contents/Resources/NetBeans/netbeans/enterprise/modules/ext/jersey2/jersey-common.jar:/Applications/NetBeans/Apache NetBeans 11.2.app/Contents/Resources/NetBeans/netbeans/enterprise/modules/ext/jersey2/jersey-container-servlet.jar:/Applications/NetBeans/Apache NetBeans 11.2.app/Contents/Resources/NetBeans/netbeans/enterprise/modules/ext/jersey2/jersey-container-servlet-core.jar:/Applications/NetBeans/Apache NetBeans 11.2.app/Contents/Resources/NetBeans/netbeans/enterprise/modules/ext/jersey2/jersey-server.jar" />
    <property name="libraries.dir.nativedirsep" value="/Users/mac/NetBeansProjects/Calculator/lib" />
    <property name="netbeans.extbrowser.manual_chrome_plugin_install" value="yes" />
    <property name="http.nonProxyHosts" value="local|*.local|169.254/16|*.169.254/16" />
    <property name="libs.junit_4.javadoc" value="/Users/mac/NetBeansProjects/Calculator/lib/junit_4-2/junit-4.12-javadoc.jar" />
    <property name="javac.test.modulepath" value="" />
    <property name="libs.javaee-web-api-6.0.maven-pom" value="" />
    <property name="run.classpath" value=":build/classes" />
    <property name="jna.boot.library.name" value="jnidispatch-nb" />
    <property name="libs.javaee-api-7.0.classpath" value="/Applications/NetBeans/Apache NetBeans 11.2.app/Contents/Resources/NetBeans/netbeans/enterprise/modules/ext/javaee-api-7.0.jar" />
    <property name="sun.awt.datatransfer.timeout" value="1000" />
    <property name="libs.spring-webmvc3.0.javadoc" value="" />
    <property name="ant.file.Calculator-impl" value="/Users/mac/NetBeansProjects/Calculator/nbproject/build-impl.xml" />
    <property name="annotation.processing.enabled.in.editor" value="false" />
    <property name="nb.native.filechooser" value="false" />
    <property name="libs.restapi.src" value="" />
    <property name="sun.management.compiler" value="HotSpot 64-Bit Tiered Compilers" />
    <property name="javac.deprecation" value="false" />
    <property name="javadoc.use" value="true" />
    <property name="sun.java2d.noddraw" value="true" />
    <property name="libs.jsp-compiler.classpath" value="/Applications/NetBeans/Apache NetBeans 11.2.app/Contents/Resources/NetBeans/netbeans/enterprise/ant/extra/jspcompile.jar" />
    <property name="javac.processorpath" value="" />
    <property name="libs.hamcrest.maven-pom" value="" />
    <property name="libs.junit_5.classpath" value="/Applications/NetBeans/Apache NetBeans 11.2.app/Contents/Resources/NetBeans/netbeans/platform/modules/ext/junit-jupiter-api-5.3.1.jar:/Applications/NetBeans/Apache NetBeans 11.2.app/Contents/Resources/NetBeans/netbeans/platform/modules/ext/junit-jupiter-params-5.3.1.jar:/Applications/NetBeans/Apache NetBeans 11.2.app/Contents/Resources/NetBeans/netbeans/platform/modules/ext/junit-jupiter-engine-5.3.1.jar" />
    <property name="javac.compilerargs" value="" />
    <property name="ant.file" value="/Users/mac/NetBeansProjects/Calculator/build.xml" />
    <property name="libs.jsf12.classpath" value="/Applications/NetBeans/Apache NetBeans 11.2.app/Contents/Resources/NetBeans/netbeans/enterprise/modules/ext/jsf-1_2/jsf-api.jar:/Applications/NetBeans/Apache NetBeans 11.2.app/Contents/Resources/NetBeans/netbeans/enterprise/modules/ext/jsf-1_2/jsf-impl.jar" />
    <property name="libs.jstl.maven-pom" value="" />
    <property name="libs.restapi.maven-pom" value="" />
    <property name="java.vm.specification.vendor" value="Oracle Corporation" />
    <property name="org.openide.major.version" value="IDE/1" />
    <property name="java.vm.name" value="Java HotSpot(TM) 64-Bit Server VM" />
    <property name="netbeans.user" value="/Users/mac/Library/Application Support/NetBeans/11.2" />
    <property name="javadoc.additionalparam" value="" />
    <property name="java.io.tmpdir" value="/var/folders/91/wm9875c11_3_n9mq99tm7kj80000gn/T/" />
    <property name="java.vendor.url" value="http://java.oracle.com/" />
    <property name="endorsed.classpath.cmd.line.arg" value="" />
    <property name="jna.loaded" value="true" />
    <property name="junit.available" value="true" />
    <property name="libraries.basename" value="nblibraries" />
    <property name="libs.javaee-web-api-8.0.classpath" value="/Applications/NetBeans/Apache NetBeans 11.2.app/Contents/Resources/NetBeans/netbeans/enterprise/modules/ext/javaee-web-api-8.0.jar" />
    <property name="libs.jsp-compiler.src" value="" />
    <property name="sun.boot.library.path" value="/Library/Java/JavaVirtualMachines/jdk1.8.0_231.jdk/Contents/Home/jre/lib" />
    <property name="have.sources" value="true" />
    <property name="libs.hamcrest.javadoc" value="" />
    <property name="debug.classpath" value=":build/classes" />
    <property name="javac.external.vm" value="true" />
    <property name="javadoc.private" value="false" />
    <property name="test.src.dir" value="test" />
    <property name="libs.jsf20.classpath" value="/Applications/NetBeans/Apache NetBeans 11.2.app/Contents/Resources/NetBeans/netbeans/enterprise/modules/ext/jsf-2_2/javax.faces.jar" />
    <property name="ap.processors.internal" value="" />
    <property name="dist.jlink.dir" value="dist/jlink" />
    <property name="libs.javaee-api-8.0.javadoc" value="/Applications/NetBeans/Apache NetBeans 11.2.app/Contents/Resources/NetBeans/netbeans/enterprise/docs/javaee-doc-api.jar" />
    <property name="meta.inf.dir" value="src/META-INF" />
    <property name="javadoc.encoding.used" value="UTF-8" />
    <property name="dist.jar" value="dist/Calculator.jar" />
    <property name="libs.spring-framework400.maven-pom" value="" />
    <property name="java.runtime.name" value="Java(TM) SE Runtime Environment" />
    <property name="ant.file.type.Calculator-impl" value="file" />
    <property name="debug.test.modulepath" value="" />
    <property name="ant.project.name" value="Calculator" />
    <property name="netbeans.hash.code" value="unique=NB_JAVA_WEBEE_WEBCOMMON_PHP052089844-a97f-452c-8e49-68ad7149fc68_e4d199c1-81dc-4ab3-a4ef-aa2130e76cc2" />
    <property name="netbeans.default_userdir_root" value="/Users/mac/Library/Application Support/NetBeans" />
    <property name="libs.jsp-compilation-syscp.maven-pom" value="" />
    <property name="sun.cpu.isalist" value="" />
    <property name="libs.spring-framework400.javadoc" value="" />
    <property name="libs.CopyLibs.javadoc" value="" />
    <property name="javadoc.html5" value="false" />
    <property name="org.openide.specification.version" value="6.2" />
    <property name="libs.maven-dependencies.maven-pom" value="" />
    <property name="user.home" value="/Users/mac" />
    <property name="annotation.processing.processors.list" value="" />
    <property name="libs.primefaces.maven-pom" value="" />
    <property name="libs.javaee-api-6.0.maven-pom" value="" />
    <property name="libs.JWSAntTasks.src" value="" />
    <property name="jar.index" value="false" />
    <property name="libs.CopyLibs.maven-pom" value="" />
    <property name="libs.spring-framework300.javadoc" value="" />
    <property name="libs.absolutelayout.javadoc" value="" />
    <property name="guice.disable.misplaced.annotation.check" value="true" />
    <property name="java.specification.name" value="Java Platform API Specification" />
    <property name="libs.CopyLibs.prop-version" value="3.0" />
    <property name="libraries.dir" value="/Users/mac/NetBeansProjects/Calculator/lib" />
    <property name="do.archive+main.class.available" value="true" />
    <property name="java.specification.vendor" value="Oracle Corporation" />
    <property name="libs.javac-api.classpath" value="" />
    <property name="java.version" value="1.8.0_231" />
    <property name="run.jvmargs.ide" value="" />
    <property name="javadoc.version" value="false" />
    <property name="javac.processormodulepath" value="" />
    <property name="org.openide.version" value="deprecated" />
    <property name="platform.java" value="/Library/Java/JavaVirtualMachines/jdk1.8.0_231.jdk/Contents/Home/jre/bin/java" />
    <property name="source.encoding" value="UTF-8" />
    <property name="ap.cmd.line.internal" value="" />
    <property name="libs.eclipselinkmodelgen.maven-pom" value="" />
    <property name="libs.jsp-compilation-syscp.javadoc" value="" />
    <property name="libs.javaee-web-api-8.0.src" value="" />
    <property name="libs.eclipselinkmodelgen.javadoc" value="" />
    <property name="libs.javaee-endorsed-api-7.0.classpath" value="/Applications/NetBeans/Apache NetBeans 11.2.app/Contents/Resources/NetBeans/netbeans/enterprise/modules/ext/javaee7-endorsed/javax.annotation-api.jar:/Applications/NetBeans/Apache NetBeans 11.2.app/Contents/Resources/NetBeans/netbeans/enterprise/modules/ext/javaee7-endorsed/javax.xml.soap-api.jar:/Applications/NetBeans/Apache NetBeans 11.2.app/Contents/Resources/NetBeans/netbeans/enterprise/modules/ext/javaee7-endorsed/jaxb-api-osgi.jar:/Applications/NetBeans/Apache NetBeans 11.2.app/Contents/Resources/NetBeans/netbeans/enterprise/modules/ext/javaee7-endorsed/jaxws-api.jar:/Applications/NetBeans/Apache NetBeans 11.2.app/Contents/Resources/NetBeans/netbeans/enterprise/modules/ext/javaee7-endorsed/jsr181-api.jar" />
    <property name="libs.metro.javadoc" value="/Applications/NetBeans/Apache NetBeans 11.2.app/Contents/Resources/NetBeans/netbeans/enterprise/docs/webservices-api-javadoc.jar:/Applications/NetBeans/Apache NetBeans 11.2.app/Contents/Resources/NetBeans/netbeans/enterprise/docs/webservices-extra-javadoc.jar:/Applications/NetBeans/Apache NetBeans 11.2.app/Contents/Resources/NetBeans/netbeans/enterprise/docs/webservices-extra-api-javadoc.jar:/Applications/NetBeans/Apache NetBeans 11.2.app/Contents/Resources/NetBeans/netbeans/enterprise/docs/webservices-rt-javadoc.jar:/Applications/NetBeans/Apache NetBeans 11.2.app/Contents/Resources/NetBeans/netbeans/enterprise/docs/webservices-tools-javadoc.jar" />
    <property name="libs.struts.maven-pom" value="" />
    <property name="jnidispatch.path" value="/Users/mac/Library/Caches/JNA/temp/jna304094010441131439.tmp" />
    <property name="netbeans.home+have.tests" value="true" />
    <property name="annotation.processing.processor.options" value="" />
    <property name="libs.testng.maven-pom" value="" />
    <property name="libs.jaxb.src" value="" />
    <property name="work.dir" value="/Users/mac/NetBeansProjects/Calculator" />
    <property name="libs.jaxb.classpath" value="/Applications/NetBeans/Apache NetBeans 11.2.app/Contents/Resources/NetBeans/netbeans/ide/modules/ext/jaxb/jaxb-impl-2.2.5-2.jar:/Applications/NetBeans/Apache NetBeans 11.2.app/Contents/Resources/NetBeans/netbeans/ide/modules/ext/jaxb/jaxb-xjc-2.2.5-2.jar:/Applications/NetBeans/Apache NetBeans 11.2.app/Contents/Resources/NetBeans/netbeans/ide/modules/ext/jaxb/jaxb1-impl-2.2.5-2.jar:/Applications/NetBeans/Apache NetBeans 11.2.app/Contents/Resources/NetBeans/netbeans/ide/modules/ext/jaxb/activation.jar:/Applications/NetBeans/Apache NetBeans 11.2.app/Contents/Resources/NetBeans/netbeans/ide/modules/ext/jaxb/api/jaxb-api.jar" />
    <property name="do.depend" value="false" />
    <property name="dist.javadoc.dir" value="dist/javadoc" />
    <property name="libs.spring-webmvc3.0.classpath" value="/Applications/NetBeans/Apache NetBeans 11.2.app/Contents/Resources/NetBeans/netbeans/java/modules/ext/spring-3.0/spring-webmvc-3.2.7.RELEASE.jar" />
    <property name="libs.javaee-web-api-7.0.maven-pom" value="" />
    <property name="libs.restlib.src" value="" />
    <property name="javac.source" value="1.8" />
    <property name="build.generated.dir" value="build/generated" />
    <property name="line.separator" value="&#xa;" />
    <property name="libs.javaee-api-8.0.classpath" value="/Applications/NetBeans/Apache NetBeans 11.2.app/Contents/Resources/NetBeans/netbeans/enterprise/modules/ext/javaee-api-8.0.jar" />
    <property name="java.specification.version" value="1.8" />
    <property name="libraries.path" value="/Users/mac/NetBeansProjects/Calculator/lib/nblibraries.properties" />
    <property name="java.vm.info" value="mixed mode" />
    <property name="libs.jaxws21.maven-pom" value="" />
    <property name="nb.junit.batch" value="true" />
    <property name="junit.forkmode" value="perTest" />
    <property name="user.country.format" value="GR" />
    <property name="sun.boot.class.path" value="/Library/Java/JavaVirtualMachines/jdk1.8.0_231.jdk/Contents/Home/jre/lib/resources.jar:/Library/Java/JavaVirtualMachines/jdk1.8.0_231.jdk/Contents/Home/jre/lib/rt.jar:/Library/Java/JavaVirtualMachines/jdk1.8.0_231.jdk/Contents/Home/jre/lib/sunrsasign.jar:/Library/Java/JavaVirtualMachines/jdk1.8.0_231.jdk/Contents/Home/jre/lib/jsse.jar:/Library/Java/JavaVirtualMachines/jdk1.8.0_231.jdk/Contents/Home/jre/lib/jce.jar:/Library/Java/JavaVirtualMachines/jdk1.8.0_231.jdk/Contents/Home/jre/lib/charsets.jar:/Library/Java/JavaVirtualMachines/jdk1.8.0_231.jdk/Contents/Home/jre/lib/jfr.jar:/Library/Java/JavaVirtualMachines/jdk1.8.0_231.jdk/Contents/Home/jre/classes" />
    <property name="javac.target" value="1.8" />
    <property name="built-jar.properties" value="/Users/mac/NetBeansProjects/Calculator/build/built-jar.properties" />
    <property name="build.test.classes.dir" value="build/test/classes" />
    <property name="src.dir" value="src" />
    <property name="javac.test.compilerargs" value="" />
    <property name="annotation.processing.enabled" value="true" />
    <property name="libs.jsf20.src" value="" />
    <property name="libs.jpa20-persistence.src" value="" />
    <property name="libs.jsf12.src" value="" />
    <property name="libs.struts.javadoc" value="/Applications/NetBeans/Apache NetBeans 11.2.app/Contents/Resources/NetBeans/netbeans/enterprise/docs/struts-1.3.10-javadoc.zip" />
    <property name="ignore.failing.tests" value="true" />
    <property name="libs.maven-dependencies.src" value="" />
    <property name="libs.javaee-web-api-7.0.src" value="" />
    <property name="libs.primefaces.src" value="" />
    <property name="dist.dir" value="dist" />
    <property name="libs.groovy-all.javadoc" value="" />
    <property name="jlink.launcher" value="true" />
    <property name="testng.debug.mode" value="" />
    <property name="libs.groovy-all.classpath" value="/Applications/NetBeans/Apache NetBeans 11.2.app/Contents/Resources/NetBeans/netbeans/groovy/modules/ext/groovy.jar:/Applications/NetBeans/Apache NetBeans 11.2.app/Contents/Resources/NetBeans/netbeans/groovy/modules/ext/groovy-ant.jar" />
    <property name="javac.fork" value="true" />
    <property name="jlink.additionalparam" value="" />
    <property name="java.awt.printerjob" value="sun.lwawt.macosx.CPrinterJob" />
    <property name="default.javac.source" value="1.8" />
    <property name="debug-transport-by-os" value="dt_socket" />
    <property name="sun.jnu.encoding" value="UTF-8" />
    <property name="run.test.jvmargs" value="" />
    <property name="build.test.results.dir" value="build/test/results" />
    <property name="java.runtime.version" value="1.8.0_231-b11" />
    <property name="jna.platform.library.path" value="/usr/lib:/usr/lib" />
    <property name="default.javac.target" value="1.8" />
    <property name="libs.junit_4.classpath" value="/Users/mac/NetBeansProjects/Calculator/lib/junit_4-2/junit-4.12.jar" />
    <property name="libs.hamcrest.prop-maven-dependencies" value="org.hamcrest:hamcrest-core:1.3:jar" />
    <property name="user.timezone" value="" />
    <property name="nb.junit.single" value="false" />
    <property name="libs.junit_4.displayName" value="JUnit 4.12" />
    <property name="netbeans.dirs" value="/Applications/NetBeans/Apache NetBeans 11.2.app/Contents/Resources/NetBeans/netbeans/nb:/Applications/NetBeans/Apache NetBeans 11.2.app/Contents/Resources/NetBeans/netbeans/ergonomics:/Applications/NetBeans/Apache NetBeans 11.2.app/Contents/Resources/NetBeans/netbeans/ide:/Applications/NetBeans/Apache NetBeans 11.2.app/Contents/Resources/NetBeans/netbeans/extide:/Applications/NetBeans/Apache NetBeans 11.2.app/Contents/Resources/NetBeans/netbeans/java:/Applications/NetBeans/Apache NetBeans 11.2.app/Contents/Resources/NetBeans/netbeans/apisupport:/Applications/NetBeans/Apache NetBeans 11.2.app/Contents/Resources/NetBeans/netbeans/webcommon:/Applications/NetBeans/Apache NetBeans 11.2.app/Contents/Resources/NetBeans/netbeans/websvccommon:/Applications/NetBeans/Apache NetBeans 11.2.app/Contents/Resources/NetBeans/netbeans/enterprise:/Applications/NetBeans/Apache NetBeans 11.2.app/Contents/Resources/NetBeans/netbeans/mobility:/Applications/NetBeans/Apache NetBeans 11.2.app/Contents/Resources/NetBeans/netbeans/profiler:/Applications/NetBeans/Apache NetBeans 11.2.app/Contents/Resources/NetBeans/netbeans/python:/Applications/NetBeans/Apache NetBeans 11.2.app/Contents/Resources/NetBeans/netbeans/php:/Applications/NetBeans/Apache NetBeans 11.2.app/Contents/Resources/NetBeans/netbeans/identity:/Applications/NetBeans/Apache NetBeans 11.2.app/Contents/Resources/NetBeans/netbeans/harness:/Applications/NetBeans/Apache NetBeans 11.2.app/Contents/Resources/NetBeans/netbeans/cnd:/Applications/NetBeans/Apache NetBeans 11.2.app/Contents/Resources/NetBeans/netbeans/cndext:/Applications/NetBeans/Apache NetBeans 11.2.app/Contents/Resources/NetBeans/netbeans/dlight:/Applications/NetBeans/Apache NetBeans 11.2.app/Contents/Resources/NetBeans/netbeans/groovy:/Applications/NetBeans/Apache NetBeans 11.2.app/Contents/Resources/NetBeans/netbeans/extra:/Applications/NetBeans/Apache NetBeans 11.2.app/Contents/Resources/NetBeans/netbeans/javacard:/Applications/NetBeans/Apache NetBeans 11.2.app/Contents/Resources/NetBeans/netbeans/javafx:" />
    <property name="libs.jsf20.javadoc" value="/Applications/NetBeans/Apache NetBeans 11.2.app/Contents/Resources/NetBeans/netbeans/enterprise/docs/javaee-doc-api.jar" />
    <property name="libs.jstl.javadoc" value="/Applications/NetBeans/Apache NetBeans 11.2.app/Contents/Resources/NetBeans/netbeans/enterprise/docs/javaee-doc-api.jar" />
    <property name="java.ext.dirs" value="/Users/mac/Library/Java/Extensions:/Library/Java/JavaVirtualMachines/jdk1.8.0_231.jdk/Contents/Home/jre/lib/ext:/Library/Java/Extensions:/Network/Library/Java/Extensions:/System/Library/Java/Extensions:/usr/lib/java" />
    <property name="libs.metro.src" value="" />
    <property name="libs.absolutelayout.classpath" value="/Applications/NetBeans/Apache NetBeans 11.2.app/Contents/Resources/NetBeans/netbeans/java/modules/ext/AbsoluteLayout.jar" />
    <property name="excludes" value="" />
    <property name="libs.metro.classpath" value="/Applications/NetBeans/Apache NetBeans 11.2.app/Contents/Resources/NetBeans/netbeans/ide/modules/ext/jaxb/activation.jar:/Applications/NetBeans/Apache NetBeans 11.2.app/Contents/Resources/NetBeans/netbeans/enterprise/modules/ext/metro/webservices-api.jar:/Applications/NetBeans/Apache NetBeans 11.2.app/Contents/Resources/NetBeans/netbeans/enterprise/modules/ext/metro/webservices-extra-api.jar:/Applications/NetBeans/Apache NetBeans 11.2.app/Contents/Resources/NetBeans/netbeans/enterprise/modules/ext/metro/webservices-extra.jar:/Applications/NetBeans/Apache NetBeans 11.2.app/Contents/Resources/NetBeans/netbeans/enterprise/modules/ext/metro/webservices-rt.jar:/Applications/NetBeans/Apache NetBeans 11.2.app/Contents/Resources/NetBeans/netbeans/enterprise/modules/ext/metro/webservices-tools.jar" />
    <property name="libs.restlib.maven-pom" value="" />
    <property name="apple.laf.useScreenMenuBar" value="true" />
    <property name="java.class.path" value="/Users/mac/NetBeansProjects/Calculator/build/classes:/Users/mac/NetBeansProjects/Calculator/lib/hamcrest-2/hamcrest-core-1.3.jar:/Users/mac/NetBeansProjects/Calculator/lib/junit_4-2/junit-4.12.jar:/Users/mac/NetBeansProjects/Calculator/build/test/classes:/Applications/NetBeans/Apache NetBeans 11.2.app/Contents/Resources/NetBeans/netbeans/extide/ant/lib/ant-launcher.jar:/Applications/NetBeans/Apache NetBeans 11.2.app/Contents/Resources/NetBeans/netbeans/extide/ant/lib/ant.jar:/Applications/NetBeans/Apache NetBeans 11.2.app/Contents/Resources/NetBeans/netbeans/extide/ant/lib/ant-junit.jar:/Applications/NetBeans/Apache NetBeans 11.2.app/Contents/Resources/NetBeans/netbeans/extide/ant/lib/ant-junit4.jar" />
    <property name="libs.absolutelayout.src" value="" />
    <property name="libs.jpa20-persistence.classpath" value="/Applications/NetBeans/Apache NetBeans 11.2.app/Contents/Resources/NetBeans/netbeans/java/modules/ext/eclipselink/javax.persistence-2.1.0.jar" />
    <property name="libs.junit_5.javadoc" value="/Applications/NetBeans/Apache NetBeans 11.2.app/Contents/Resources/NetBeans/netbeans/platform/docs/junit-jupiter-api-5.3.1-javadoc.jar:/Applications/NetBeans/Apache NetBeans 11.2.app/Contents/Resources/NetBeans/netbeans/platform/docs/junit-jupiter-params-5.3.1-javadoc.jar:/Applications/NetBeans/Apache NetBeans 11.2.app/Contents/Resources/NetBeans/netbeans/platform/docs/junit-jupiter-engine-5.3.1-javadoc.jar" />
    <property name="os.version" value="10.15" />
    <property name="application.args" value="" />
    <property name="libs.javaee-api-7.0.maven-pom" value="" />
    <property name="main.class.available" value="true" />
    <property name="sun.awt.enableExtraMouseButtons" value="true" />
    <property name="jlink.launcher.name" value="Calculator" />
    <property name="libs.restlib.javadoc" value="" />
    <property name="libs.JAXB-ENDORSED.classpath" value="/Applications/NetBeans/Apache NetBeans 11.2.app/Contents/Resources/NetBeans/netbeans/ide/modules/ext/jaxb/api/jaxb-api.jar" />
    <property name="nb.internal.action.name" value="test" />
    <property name="run.test.modulepath" value="" />
    <property name="libs.javaee-api-7.0.javadoc" value="/Applications/NetBeans/Apache NetBeans 11.2.app/Contents/Resources/NetBeans/netbeans/enterprise/docs/javaee-doc-api.jar" />
    <property name="libs.eclipselink.classpath" value="/Applications/NetBeans/Apache NetBeans 11.2.app/Contents/Resources/NetBeans/netbeans/java/modules/ext/eclipselink/org.eclipse.persistence.core-2.5.2.jar:/Applications/NetBeans/Apache NetBeans 11.2.app/Contents/Resources/NetBeans/netbeans/java/modules/ext/eclipselink/org.eclipse.persistence.asm-2.5.2.jar:/Applications/NetBeans/Apache NetBeans 11.2.app/Contents/Resources/NetBeans/netbeans/java/modules/ext/eclipselink/org.eclipse.persistence.antlr-2.5.2.jar:/Applications/NetBeans/Apache NetBeans 11.2.app/Contents/Resources/NetBeans/netbeans/java/modules/ext/eclipselink/org.eclipse.persistence.jpa-2.5.2.jar:/Applications/NetBeans/Apache NetBeans 11.2.app/Contents/Resources/NetBeans/netbeans/java/modules/ext/eclipselink/org.eclipse.persistence.jpa.jpql-2.5.2.jar:/Applications/NetBeans/Apache NetBeans 11.2.app/Contents/Resources/NetBeans/netbeans/java/modules/ext/eclipselink/javax.persistence-2.1.0.jar" />
    <property name="java.awt.graphicsenv" value="sun.awt.CGraphicsEnvironment" />
    <property name="java.vm.vendor" value="Oracle Corporation" />
    <property name="libs.CopyLibs.classpath" value="/Users/mac/NetBeansProjects/Calculator/lib/CopyLibs/org-netbeans-modules-java-j2seproject-copylibstask.jar" />
    <property name="libs.javaee-api-8.0.src" value="" />
    <property name="libs.maven-dependencies.javadoc" value="/Applications/NetBeans/Apache NetBeans 11.2.app/Contents/Resources/NetBeans/netbeans/enterprise/docs/javaee-doc-api.jar" />
    <property name="libs.spring-framework300.classpath" value="/Applications/NetBeans/Apache NetBeans 11.2.app/Contents/Resources/NetBeans/netbeans/ide/modules/org-apache-commons-logging.jar:/Applications/NetBeans/Apache NetBeans 11.2.app/Contents/Resources/NetBeans/netbeans/java/modules/ext/cglib-2.2.jar:/Applications/NetBeans/Apache NetBeans 11.2.app/Contents/Resources/NetBeans/netbeans/java/modules/ext/spring-3.0/spring-aop-3.2.7.RELEASE.jar:/Applications/NetBeans/Apache NetBeans 11.2.app/Contents/Resources/NetBeans/netbeans/java/modules/ext/spring-3.0/spring-aspects-3.2.7.RELEASE.jar:/Applications/NetBeans/Apache NetBeans 11.2.app/Contents/Resources/NetBeans/netbeans/java/modules/ext/spring-3.0/spring-beans-3.2.7.RELEASE.jar:/Applications/NetBeans/Apache NetBeans 11.2.app/Contents/Resources/NetBeans/netbeans/java/modules/ext/spring-3.0/spring-build-src-3.2.7.RELEASE.jar:/Applications/NetBeans/Apache NetBeans 11.2.app/Contents/Resources/NetBeans/netbeans/java/modules/ext/spring-3.0/spring-context-3.2.7.RELEASE.jar:/Applications/NetBeans/Apache NetBeans 11.2.app/Contents/Resources/NetBeans/netbeans/java/modules/ext/spring-3.0/spring-context-support-3.2.7.RELEASE.jar:/Applications/NetBeans/Apache NetBeans 11.2.app/Contents/Resources/NetBeans/netbeans/java/modules/ext/spring-3.0/spring-core-3.2.7.RELEASE.jar:/Applications/NetBeans/Apache NetBeans 11.2.app/Contents/Resources/NetBeans/netbeans/java/modules/ext/spring-3.0/spring-expression-3.2.7.RELEASE.jar:/Applications/NetBeans/Apache NetBeans 11.2.app/Contents/Resources/NetBeans/netbeans/java/modules/ext/spring-3.0/spring-framework-bom-3.2.7.RELEASE.jar:/Applications/NetBeans/Apache NetBeans 11.2.app/Contents/Resources/NetBeans/netbeans/java/modules/ext/spring-3.0/spring-instrument-3.2.7.RELEASE.jar:/Applications/NetBeans/Apache NetBeans 11.2.app/Contents/Resources/NetBeans/netbeans/java/modules/ext/spring-3.0/spring-instrument-tomcat-3.2.7.RELEASE.jar:/Applications/NetBeans/Apache NetBeans 11.2.app/Contents/Resources/NetBeans/netbeans/java/modules/ext/spring-3.0/spring-jdbc-3.2.7.RELEASE.jar:/Applications/NetBeans/Apache NetBeans 11.2.app/Contents/Resources/NetBeans/netbeans/java/modules/ext/spring-3.0/spring-jms-3.2.7.RELEASE.jar:/Applications/NetBeans/Apache NetBeans 11.2.app/Contents/Resources/NetBeans/netbeans/java/modules/ext/spring-3.0/spring-orm-3.2.7.RELEASE.jar:/Applications/NetBeans/Apache NetBeans 11.2.app/Contents/Resources/NetBeans/netbeans/java/modules/ext/spring-3.0/spring-oxm-3.2.7.RELEASE.jar:/Applications/NetBeans/Apache NetBeans 11.2.app/Contents/Resources/NetBeans/netbeans/java/modules/ext/spring-3.0/spring-struts-3.2.7.RELEASE.jar:/Applications/NetBeans/Apache NetBeans 11.2.app/Contents/Resources/NetBeans/netbeans/java/modules/ext/spring-3.0/spring-test-3.2.7.RELEASE.jar:/Applications/NetBeans/Apache NetBeans 11.2.app/Contents/Resources/NetBeans/netbeans/java/modules/ext/spring-3.0/spring-tx-3.2.7.RELEASE.jar:/Applications/NetBeans/Apache NetBeans 11.2.app/Contents/Resources/NetBeans/netbeans/java/modules/ext/spring-3.0/spring-web-3.2.7.RELEASE.jar:/Applications/NetBeans/Apache NetBeans 11.2.app/Contents/Resources/NetBeans/netbeans/java/modules/ext/spring-3.0/spring-webmvc-3.2.7.RELEASE.jar:/Applications/NetBeans/Apache NetBeans 11.2.app/Contents/Resources/NetBeans/netbeans/java/modules/ext/spring-3.0/spring-webmvc-portlet-3.2.7.RELEASE.jar" />
    <property name="libs.jsp-compiler.maven-pom" value="" />
    <property name="libs.junit_5.maven-pom" value="" />
    <property name="libs.hamcrest.src" value="" />
    <property name="run.jvmargs" value="" />
    <property name="libs.JAXB-ENDORSED.src" value="" />
    <property name="dist.archive.excludes" value="" />
    <property name="libs.testng.javadoc" value="/Applications/NetBeans/Apache NetBeans 11.2.app/Contents/Resources/NetBeans/netbeans/platform/docs/testng-6.8.1-javadoc.zip" />
    <property name="libs.PostgreSQLDriver.classpath" value="/Applications/NetBeans/Apache NetBeans 11.2.app/Contents/Resources/NetBeans/netbeans/ide/modules/ext/postgresql-42.2.5.jar" />
    <property name="libs.jsf12.maven-pom" value="" />
    <property name="annotation.processing.source.output" value="build/generated-sources/ap-source-output" />
    <property name="main.class" value="calculator.Calculator" />
    <property name="libs.CopyLibs.displayName" value="CopyLibs Task" />
    <property name="libs.CopyLibs.src" value="" />
    <property name="build.dir" value="build" />
    <property name="libs.jsp-compilation.classpath" value="/Applications/NetBeans/Apache NetBeans 11.2.app/Contents/Resources/NetBeans/netbeans/extide/ant/lib/ant.jar:/Applications/NetBeans/Apache NetBeans 11.2.app/Contents/Resources/NetBeans/netbeans/enterprise/modules/ext/servlet3.1-jsp2.3-api.jar:/Applications/NetBeans/Apache NetBeans 11.2.app/Contents/Resources/NetBeans/netbeans/enterprise/modules/ext/glassfish-jspparser-4.0.jar:/Applications/NetBeans/Apache NetBeans 11.2.app/Contents/Resources/NetBeans/netbeans/enterprise/modules/ext/jsf-2_2/javax.faces.jar:/Applications/NetBeans/Apache NetBeans 11.2.app/Contents/Resources/NetBeans/netbeans/enterprise/modules/ext/jstl-api.jar:/Applications/NetBeans/Apache NetBeans 11.2.app/Contents/Resources/NetBeans/netbeans/extide/ant/lib/ant-launcher.jar" />
    <property name="libs.javaee-web-api-8.0.javadoc" value="/Applications/NetBeans/Apache NetBeans 11.2.app/Contents/Resources/NetBeans/netbeans/enterprise/docs/javaee-doc-api.jar" />
    <property name="debug.modulepath" value="" />
    <property name="ant.version" value="Apache Ant(TM) version 1.10.4 compiled on June 19 2018" />
    <property name="file.encoding" value="UTF-8" />
    <property name="jdk.lang.Process.allowAmbiguousCommands" value="true" />
    <property name="build.classes.excludes" value="**/*.java,**/*.form" />
    <property name="jdkBug6558476" value="false" />
    <property name="javadoc.nonavbar" value="false" />
    <property name="libs.spring-webmvc4.0.classpath" value="/Applications/NetBeans/Apache NetBeans 11.2.app/Contents/Resources/NetBeans/netbeans/java/modules/ext/spring-4/spring-webmvc-4.0.1.RELEASE.jar" />
    <property name="platform.active" value="default_platform" />
    <property name="libs.javaee-web-api-8.0.maven-pom" value="" />
    <property name="awt.toolkit" value="sun.lwawt.macosx.LWCToolkit" />
    <property name="libs.javaee-web-api-7.0.javadoc" value="/Applications/NetBeans/Apache NetBeans 11.2.app/Contents/Resources/NetBeans/netbeans/enterprise/docs/javaee-doc-api.jar" />
  </properties>
  <testcase classname="calculator.TheCalcTest" name="testSubtractNumbers" time="0.001" />
  <testcase classname="calculator.TheCalcTest" name="testAddNumbers" time="0.005" />
  <testcase classname="calculator.TheCalcTest" name="testDivideNumbersWithZero" time="0.005">
    <error message="/ by zero" type="java.lang.ArithmeticException">java.lang.ArithmeticException: / by zero
	at calculator.TheCalcTest.testDivideNumbersWithZero(TheCalcTest.java:77)
</error>
  </testcase>
  <testcase classname="calculator.TheCalcTest" name="testMultiplyNumbersWithBigPositiveNumber" time="0.0" />
  <testcase classname="calculator.TheCalcTest" name="testDivideNumbersWith1" time="0.0" />
  <testcase classname="calculator.TheCalcTest" name="testDivideNumbersWithNegative1" time="0.0" />
  <testcase classname="calculator.TheCalcTest" name="testMultiplyNumbersWithOne" time="0.0" />
  <testcase classname="calculator.TheCalcTest" name="testMultiplyNumbersWithZero" time="0.0" />
  <testcase classname="calculator.TheCalcTest" name="testDivideNumbersWithBigPositiveNumber" time="0.0" />
  <testcase classname="calculator.TheCalcTest" name="testMultiplyNumbersWithNegative1" time="0.0" />
  <system-out><![CDATA[]]></system-out>
  <system-err><![CDATA[]]></system-err>
</testsuite>
